c:\projects\julia\binary\debug\vc120.pdb
c:\projects\julia\binary\debug\vc120.idb
c:\projects\julia\binary\debug\core.obj
c:\projects\julia\binary\debug\errors_stack.obj
c:\projects\julia\binary\debug\logger.obj
c:\projects\julia\binary\debug\win32.obj
c:\projects\julia\binary\debug\win32_gl.obj
c:\projects\julia\binary\debug\win32_window.obj
c:\projects\julia\binary\juliad.lib
c:\projects\julia\binary\juliad.exp
c:\projects\julia\binary\juliad.ilk
c:\projects\julia\binary\juliad.dll
c:\projects\julia\binary\juliad.pdb
c:\projects\julia\source\..\binary\juliad.dll
c:\projects\julia\binary\debug\julia-core.tlog\cl.command.1.tlog
c:\projects\julia\binary\debug\julia-core.tlog\cl.read.1.tlog
c:\projects\julia\binary\debug\julia-core.tlog\cl.write.1.tlog
c:\projects\julia\binary\debug\julia-core.tlog\julia-core.write.1u.tlog
c:\projects\julia\binary\debug\julia-core.tlog\link.command.1.tlog
c:\projects\julia\binary\debug\julia-core.tlog\link.read.1.tlog
c:\projects\julia\binary\debug\julia-core.tlog\link.write.1.tlog
